[debug] [2026-07-05T14:39:00.673Z] ----------------------------------------------------------------------
[debug] [2026-07-05T14:39:00.675Z] Command:       C:\Program Files\nodejs\node.exe C:\Users\Admin\AppData\Roaming\npm\node_modules\firebase-tools\lib\bin\firebase.js deploy --only functions
[debug] [2026-07-05T14:39:00.676Z] CLI Version:   15.19.1
[debug] [2026-07-05T14:39:00.676Z] Platform:      win32
[debug] [2026-07-05T14:39:00.676Z] Node Version:  v22.22.3
[debug] [2026-07-05T14:39:00.676Z] Time:          Sun Jul 05 2026 20:09:00 GMT+0530 (India Standard Time)
[debug] [2026-07-05T14:39:00.676Z] ----------------------------------------------------------------------
[debug] 
[debug] [2026-07-05T14:39:00.679Z] >>> [apiv2][query] GET https://firebase-public.firebaseio.com/cli.json [none]
[debug] [2026-07-05T14:39:04.249Z] > command requires scopes: ["email","openid","https://www.googleapis.com/auth/cloudplatformprojects.readonly","https://www.googleapis.com/auth/firebase","https://www.googleapis.com/auth/cloud-platform"]
[debug] [2026-07-05T14:39:04.249Z] > authorizing via signed-in user (ajrdigitalhub@gmail.com)
[debug] [2026-07-05T14:39:04.249Z] [iam] checking project ajrdigitalhubin for permissions ["cloudfunctions.functions.create","cloudfunctions.functions.delete","cloudfunctions.functions.get","cloudfunctions.functions.list","cloudfunctions.functions.update","cloudfunctions.operations.get","firebase.projects.get"]
[debug] [2026-07-05T14:39:04.250Z] Checked if tokens are valid: false, expires at: 1783115071952
[debug] [2026-07-05T14:39:04.250Z] Checked if tokens are valid: false, expires at: 1783115071952
[debug] [2026-07-05T14:39:04.250Z] > refreshing access token with scopes: []
[debug] [2026-07-05T14:39:04.251Z] >>> [apiv2][query] POST https://www.googleapis.com/oauth2/v3/token [none]
[debug] [2026-07-05T14:39:04.251Z] >>> [apiv2][body] POST https://www.googleapis.com/oauth2/v3/token [omitted]
[debug] [2026-07-05T14:39:04.519Z] <<< [apiv2][status] POST https://www.googleapis.com/oauth2/v3/token 200
[debug] [2026-07-05T14:39:04.519Z] <<< [apiv2][body] POST https://www.googleapis.com/oauth2/v3/token [omitted]
[debug] [2026-07-05T14:39:04.526Z] >>> [apiv2][query] POST https://cloudresourcemanager.googleapis.com/v1/projects/ajrdigitalhubin:testIamPermissions [none]
[debug] [2026-07-05T14:39:04.526Z] >>> [apiv2][(partial)header] POST https://cloudresourcemanager.googleapis.com/v1/projects/ajrdigitalhubin:testIamPermissions  x-goog-user-project=ajrdigitalhubin
[debug] [2026-07-05T14:39:04.527Z] >>> [apiv2][body] POST https://cloudresourcemanager.googleapis.com/v1/projects/ajrdigitalhubin:testIamPermissions {"permissions":["cloudfunctions.functions.create","cloudfunctions.functions.delete","cloudfunctions.functions.get","cloudfunctions.functions.list","cloudfunctions.functions.update","cloudfunctions.operations.get","firebase.projects.get"]}
[debug] [2026-07-05T14:39:04.932Z] <<< [apiv2][status] GET https://firebase-public.firebaseio.com/cli.json 200
[debug] [2026-07-05T14:39:04.933Z] <<< [apiv2][body] GET https://firebase-public.firebaseio.com/cli.json {"cloudBuildErrorAfter":1594252800000,"cloudBuildWarnAfter":1590019200000,"defaultNode10After":1594252800000,"minVersion":"3.0.5","node8DeploysDisabledAfter":1613390400000,"node8RuntimeDisabledAfter":1615809600000,"node8WarnAfter":1600128000000}
[debug] [2026-07-05T14:39:06.165Z] <<< [apiv2][status] POST https://cloudresourcemanager.googleapis.com/v1/projects/ajrdigitalhubin:testIamPermissions 200
[debug] [2026-07-05T14:39:06.165Z] <<< [apiv2][body] POST https://cloudresourcemanager.googleapis.com/v1/projects/ajrdigitalhubin:testIamPermissions {"permissions":["cloudfunctions.functions.create","cloudfunctions.functions.delete","cloudfunctions.functions.get","cloudfunctions.functions.list","cloudfunctions.functions.update","cloudfunctions.operations.get","firebase.projects.get"]}
[debug] [2026-07-05T14:39:06.166Z] Checked if tokens are valid: true, expires at: 1783265943519
[debug] [2026-07-05T14:39:06.166Z] Checked if tokens are valid: true, expires at: 1783265943519
[debug] [2026-07-05T14:39:06.166Z] >>> [apiv2][query] POST https://iam.googleapis.com/v1/projects/ajrdigitalhubin/serviceAccounts/ajrdigitalhubin@appspot.gserviceaccount.com:testIamPermissions [none]
[debug] [2026-07-05T14:39:06.166Z] >>> [apiv2][body] POST https://iam.googleapis.com/v1/projects/ajrdigitalhubin/serviceAccounts/ajrdigitalhubin@appspot.gserviceaccount.com:testIamPermissions {"permissions":["iam.serviceAccounts.actAs"]}
[debug] [2026-07-05T14:39:07.944Z] <<< [apiv2][status] POST https://iam.googleapis.com/v1/projects/ajrdigitalhubin/serviceAccounts/ajrdigitalhubin@appspot.gserviceaccount.com:testIamPermissions 404
[debug] [2026-07-05T14:39:07.944Z] <<< [apiv2][body] POST https://iam.googleapis.com/v1/projects/ajrdigitalhubin/serviceAccounts/ajrdigitalhubin@appspot.gserviceaccount.com:testIamPermissions {"error":{"code":404,"message":"Unknown service account","status":"NOT_FOUND"}}
[debug] [2026-07-05T14:39:07.944Z] [functions] service account IAM check errored, deploy may fail: Request to https://iam.googleapis.com/v1/projects/ajrdigitalhubin/serviceAccounts/ajrdigitalhubin@appspot.gserviceaccount.com:testIamPermissions had HTTP Error: 404, Unknown service account {"name":"FirebaseError","children":[],"context":{"body":{"error":{"code":404,"message":"Unknown service account","status":"NOT_FOUND"}},"response":{"statusCode":404}},"exit":1,"message":"Request to https://iam.googleapis.com/v1/projects/ajrdigitalhubin/serviceAccounts/ajrdigitalhubin@appspot.gserviceaccount.com:testIamPermissions had HTTP Error: 404, Unknown service account","status":404}
[info] 
[info] === Deploying to 'ajrdigitalhubin'...
[info] 
[info] i  deploying functions 
[debug] [2026-07-05T14:39:07.948Z] Checked if tokens are valid: true, expires at: 1783265943519
[debug] [2026-07-05T14:39:07.948Z] Checked if tokens are valid: true, expires at: 1783265943519
[debug] [2026-07-05T14:39:07.948Z] >>> [apiv2][query] GET https://cloudresourcemanager.googleapis.com/v1/projects/ajrdigitalhubin [none]
[debug] [2026-07-05T14:39:08.330Z] <<< [apiv2][status] GET https://cloudresourcemanager.googleapis.com/v1/projects/ajrdigitalhubin 200
[debug] [2026-07-05T14:39:08.330Z] <<< [apiv2][body] GET https://cloudresourcemanager.googleapis.com/v1/projects/ajrdigitalhubin {"projectNumber":"931861232347","projectId":"ajrdigitalhubin","lifecycleState":"ACTIVE","name":"AJRDIGITALHUB","labels":{"firebase":"enabled","firebase-core":"disabled"},"createTime":"2026-04-02T15:07:50.321Z"}
[info] i  functions: preparing codebase default for deployment 
[info] i  functions: ensuring required API cloudfunctions.googleapis.com is enabled... 
[info] i  functions: ensuring required API cloudbuild.googleapis.com is enabled... 
[info] i  artifactregistry: ensuring required API artifactregistry.googleapis.com is enabled... 
[debug] [2026-07-05T14:39:08.334Z] Checked if tokens are valid: true, expires at: 1783265943519
[debug] [2026-07-05T14:39:08.334Z] Checked if tokens are valid: true, expires at: 1783265943519
[debug] [2026-07-05T14:39:08.334Z] >>> [apiv2][query] GET https://firebase.googleapis.com/v1beta1/projects/ajrdigitalhubin/adminSdkConfig [none]
[debug] [2026-07-05T14:39:08.925Z] <<< [apiv2][status] GET https://firebase.googleapis.com/v1beta1/projects/ajrdigitalhubin/adminSdkConfig 200
[debug] [2026-07-05T14:39:08.925Z] <<< [apiv2][body] GET https://firebase.googleapis.com/v1beta1/projects/ajrdigitalhubin/adminSdkConfig {"projectId":"ajrdigitalhubin","storageBucket":"ajrdigitalhubin.firebasestorage.app"}
[debug] [2026-07-05T14:39:08.927Z] Validating nodejs source
[debug] [2026-07-05T14:39:09.917Z] > [functions] package.json contents: {
  "name": "functions",
  "description": "Cloud Functions for Firebase",
  "version": "1.0.0",
  "type": "commonjs",
  "scripts": {
    "prestart": "npm run build",
    "dev": "nodemon",
    "build": "npx esbuild src/app.ts --bundle --platform=node --target=node24 --format=cjs --outfile=dist/server.js --external:express --external:axios --external:firebase-admin --external:@prisma/client",
    "gcp-build": "",
    "lint": "eslint src/**/*.ts",
    "serve": "firebase emulators:start --only functions",
    "shell": "firebase functions:shell",
    "start": "npm run shell",
    "deploy": "firebase deploy --only functions",
    "logs": "firebase functions:log"
  },
  "engines": {
    "node": "24"
  },
  "main": "index.js",
  "dependencies": {
    "axios": "^1.18.0",
    "bcrypt": "^5.1.1",
    "cors": "^2.8.5",
    "dotenv": "^16.4.5",
    "express": "^4.19.2",
    "firebase-admin": "^12.1.1",
    "firebase-functions": "^7.0.0",
    "helmet": "^7.1.0",
    "jsonwebtoken": "^9.0.2",
    "morgan": "^1.10.0",
    "multer": "^1.4.5-lts.1",
    "pg": "^8.12.0",
    "puppeteer": "^25.1.0",
    "uuid": "^10.0.0",
    "busboy": "^1.6.0",
    "google-auth-library": "^9.15.0"
  },
  "devDependencies": {
    "@types/bcrypt": "^5.0.2",
    "@types/cors": "^2.8.17",
    "@types/express": "^4.17.21",
    "@types/jsonwebtoken": "^9.0.6",
    "@types/morgan": "^1.9.9",
    "@types/multer": "^1.4.11",
    "@types/node": "^20.14.2",
    "@types/pg": "^8.11.6",
    "@types/uuid": "^10.0.0",
    "firebase-functions-test": "^3.4.1",
    "nodemon": "^3.1.3",
    "ts-node": "^10.9.2",
    "typescript": "^5.4.5",
    "@types/busboy": "^1.5.4"
  }
}
[debug] [2026-07-05T14:39:09.917Z] Building nodejs source
[info] i  functions: Loading and analyzing source code for codebase default to determine what to deploy 
[debug] [2026-07-05T14:39:09.918Z] Could not find functions.yaml. Must use http discovery
[debug] [2026-07-05T14:39:09.927Z] Found firebase-functions binary at 'C:\Users\Admin\Documents\ajr_digitalHub\functions\node_modules\.bin\firebase-functions'
[info] Serving at port 8061

[error] ⚠️ Firebase credentials missing. Uploads and Firestore sync will not work.

[error] (node:28340) [DEP0040] DeprecationWarning: The `punycode` module is deprecated. Please use a userland alternative instead.
(Use `node --trace-deprecation ...` to show where the warning was created)

[debug] [2026-07-05T14:39:10.739Z] Got response from /__/functions.yaml {"endpoints":{"api":{"availableMemoryMb":null,"timeoutSeconds":null,"minInstances":null,"maxInstances":null,"ingressSettings":null,"concurrency":null,"serviceAccountEmail":null,"vpc":null,"platform":"gcfv2","labels":{},"httpsTrigger":{},"entryPoint":"api"},"monthlyBillingCron":{"availableMemoryMb":1024,"timeoutSeconds":300,"minInstances":null,"maxInstances":null,"ingressSettings":null,"concurrency":null,"serviceAccountEmail":null,"vpc":null,"platform":"gcfv2","labels":{},"scheduleTrigger":{"schedule":"0 0 * * *","retryConfig":{}},"entryPoint":"monthlyBillingCron"}},"specVersion":"v1alpha1","requiredAPIs":[{"api":"cloudscheduler.googleapis.com","reason":"Needed for scheduled functions."}],"extensions":{}}
[info] ✅ Dynamic Records table initialized.

[info] 🌱 Schema Migration: Added missing columns to whatsapp_config

[info] 🌱 Schema Migration: Created/updated documentation portal tables

[info] 🌱 Schema Migration: Created/updated billing, transactions, and audit tables

[info] 🌱 Schema Migration: Created/updated billing automation and customer profile tables

[info] 🌱 Schema Migration: Created Firebase Messaging tables

[info] 🌱 Schema Migration: Created Firebase Push Notification Monitoring & Billing tables

[info] ✅ Database verification and seeding complete.

[debug] [2026-07-05T14:39:20.756Z] Checked if tokens are valid: true, expires at: 1783265943519
[debug] [2026-07-05T14:39:20.756Z] Checked if tokens are valid: true, expires at: 1783265943519
[debug] [2026-07-05T14:39:20.756Z] >>> [apiv2][query] GET https://cloudfunctions.googleapis.com/v1/projects/ajrdigitalhubin/locations/-/functions [none]
[debug] [2026-07-05T14:39:21.833Z] <<< [apiv2][status] GET https://cloudfunctions.googleapis.com/v1/projects/ajrdigitalhubin/locations/-/functions 200
[debug] [2026-07-05T14:39:21.833Z] <<< [apiv2][body] GET https://cloudfunctions.googleapis.com/v1/projects/ajrdigitalhubin/locations/-/functions {}
[debug] [2026-07-05T14:39:21.833Z] Checked if tokens are valid: true, expires at: 1783265943519
[debug] [2026-07-05T14:39:21.833Z] Checked if tokens are valid: true, expires at: 1783265943519
[debug] [2026-07-05T14:39:21.833Z] >>> [apiv2][query] GET https://cloudfunctions.googleapis.com/v2/projects/ajrdigitalhubin/locations/-/functions filter=environment%3D%22GEN_2%22
[debug] [2026-07-05T14:39:23.504Z] <<< [apiv2][status] GET https://cloudfunctions.googleapis.com/v2/projects/ajrdigitalhubin/locations/-/functions 200
[debug] [2026-07-05T14:39:23.505Z] <<< [apiv2][body] GET https://cloudfunctions.googleapis.com/v2/projects/ajrdigitalhubin/locations/-/functions {"functions":[{"name":"projects/ajrdigitalhubin/locations/us-central1/functions/monthlyBillingCron","buildConfig":{"build":"projects/931861232347/locations/us-central1/builds/e3f696c3-43a1-4c61-8ab4-71d4dad47867","runtime":"nodejs24","entryPoint":"monthlyBillingCron","source":{"storageSource":{"bucket":"gcf-v2-sources-931861232347-us-central1","object":"monthlyBillingCron/function-source.zip","generation":"1783111531411678"}},"environmentVariables":{"GOOGLE_NODE_RUN_SCRIPTS":""},"dockerRepository":"projects/ajrdigitalhubin/locations/us-central1/repositories/gcf-artifacts","sourceProvenance":{"resolvedStorageSource":{"bucket":"gcf-v2-sources-931861232347-us-central1","object":"monthlyBillingCron/function-source.zip","generation":"1783111531411678"}},"dockerRegistry":"ARTIFACT_REGISTRY","serviceAccount":"projects/ajrdigitalhubin/serviceAccounts/931861232347-compute@developer.gserviceaccount.com","automaticUpdatePolicy":{}},"serviceConfig":{"service":"projects/ajrdigitalhubin/locations/us-central1/services/monthlybillingcron","timeoutSeconds":300,"environmentVariables":{"DB_BACKEND_PORT":"5000","JWT_SECRET":"super_secret_ajr_key_2026","CLIENT_URL":"http://localhost:3000","PG_USER":"postgres.okzjazgmjwdupfyvcpuv","PG_HOST":"aws-1-ap-southeast-1.pooler.supabase.com","PG_DATABASE":"postgres","PG_PASSWORD":"Arunjaya@1999","PG_PORT":"6543","PG_SSL":"true","APP_FIREBASE_SERVICE_ACCOUNT":"{\"type\": \"service_account\", \"project_id\": \"...\", ...}","APP_FIREBASE_STORAGE_BUCKET":"ajrdigitalhubb.appspot.com","FIREBASE_CONFIG":"{\"projectId\":\"ajrdigitalhubin\",\"storageBucket\":\"ajrdigitalhubin.firebasestorage.app\"}","GCLOUD_PROJECT":"ajrdigitalhubin","EVENTARC_CLOUD_EVENT_SOURCE":"projects/ajrdigitalhubin/locations/us-central1/services/monthlyBillingCron","FUNCTION_TARGET":"monthlyBillingCron","LOG_EXECUTION_ID":"true"},"ingressSettings":"ALLOW_ALL","uri":"https://monthlybillingcron-h53zfzhj2q-uc.a.run.app","serviceAccountEmail":"931861232347-compute@developer.gserviceaccount.com","availableMemory":"1024Mi","allTrafficOnLatestRevision":true,"revision":"monthlybillingcron-00001-yoc","maxInstanceRequestConcurrency":80,"availableCpu":"1"},"state":"ACTIVE","updateTime":"2026-07-03T20:46:33.548816578Z","labels":{"firebase-functions-hash":"5fcaad1fb1ef758805f7745229b9a55a6379c1d3","deployment-tool":"cli-firebase","deployment-scheduled":"true"},"environment":"GEN_2","url":"https://us-central1-ajrdigitalhubin.cloudfunctions.net/monthlyBillingCron","createTime":"2026-07-03T20:45:31.667350915Z","satisfiesPzi":true},{"name":"projects/ajrdigitalhubin/locations/us-central1/functions/api","buildConfig":{"build":"projects/931861232347/locations/us-central1/builds/1ba06218-8074-473e-bead-79c2952cc457","runtime":"nodejs24","entryPoint":"api","source":{"storageSource":{"bucket":"gcf-v2-sources-931861232347-us-central1","object":"api/function-source.zip","generation":"1783111532074026"}},"environmentVariables":{"GOOGLE_NODE_RUN_SCRIPTS":""},"dockerRepository":"projects/ajrdigitalhubin/locations/us-central1/repositories/gcf-artifacts","sourceProvenance":{"resolvedStorageSource":{"bucket":"gcf-v2-sources-931861232347-us-central1","object":"api/function-source.zip","generation":"1783111532074026"}},"dockerRegistry":"ARTIFACT_REGISTRY","serviceAccount":"projects/ajrdigitalhubin/serviceAccounts/931861232347-compute@developer.gserviceaccount.com","automaticUpdatePolicy":{}},"serviceConfig":{"service":"projects/ajrdigitalhubin/locations/us-central1/services/api","timeoutSeconds":60,"environmentVariables":{"DB_BACKEND_PORT":"5000","JWT_SECRET":"super_secret_ajr_key_2026","CLIENT_URL":"http://localhost:3000","PG_USER":"postgres.okzjazgmjwdupfyvcpuv","PG_HOST":"aws-1-ap-southeast-1.pooler.supabase.com","PG_DATABASE":"postgres","PG_PASSWORD":"Arunjaya@1999","PG_PORT":"6543","PG_SSL":"true","APP_FIREBASE_SERVICE_ACCOUNT":"{\"type\": \"service_account\", \"project_id\": \"...\", ...}","APP_FIREBASE_STORAGE_BUCKET":"ajrdigitalhubb.appspot.com","FIREBASE_CONFIG":"{\"projectId\":\"ajrdigitalhubin\",\"storageBucket\":\"ajrdigitalhubin.firebasestorage.app\"}","GCLOUD_PROJECT":"ajrdigitalhubin","EVENTARC_CLOUD_EVENT_SOURCE":"projects/ajrdigitalhubin/locations/us-central1/services/api","FUNCTION_TARGET":"api","LOG_EXECUTION_ID":"true"},"maxInstanceCount":20,"ingressSettings":"ALLOW_ALL","uri":"https://api-h53zfzhj2q-uc.a.run.app","serviceAccountEmail":"931861232347-compute@developer.gserviceaccount.com","availableMemory":"256Mi","allTrafficOnLatestRevision":true,"revision":"api-00015-qeh","maxInstanceRequestConcurrency":80,"availableCpu":"1"},"state":"ACTIVE","updateTime":"2026-07-03T20:46:28.921353849Z","labels":{"firebase-functions-hash":"5fcaad1fb1ef758805f7745229b9a55a6379c1d3","deployment-tool":"cli-firebase"},"environment":"GEN_2","url":"https://us-central1-ajrdigitalhubin.cloudfunctions.net/api","createTime":"2026-06-30T19:26:46.989359027Z","satisfiesPzi":true}]}
[info] i  extensions: ensuring required API firebaseextensions.googleapis.com is enabled... 
[debug] [2026-07-05T14:39:23.507Z] > command requires scopes: ["email","openid","https://www.googleapis.com/auth/cloudplatformprojects.readonly","https://www.googleapis.com/auth/firebase","https://www.googleapis.com/auth/cloud-platform"]
[debug] [2026-07-05T14:39:23.507Z] > authorizing via signed-in user (ajrdigitalhub@gmail.com)
[debug] [2026-07-05T14:39:23.507Z] [iam] checking project ajrdigitalhubin for permissions ["firebase.projects.get","firebaseextensions.instances.list"]
[debug] [2026-07-05T14:39:23.507Z] Checked if tokens are valid: true, expires at: 1783265943519
[debug] [2026-07-05T14:39:23.507Z] Checked if tokens are valid: true, expires at: 1783265943519
[debug] [2026-07-05T14:39:23.507Z] >>> [apiv2][query] POST https://cloudresourcemanager.googleapis.com/v1/projects/ajrdigitalhubin:testIamPermissions [none]
[debug] [2026-07-05T14:39:23.507Z] >>> [apiv2][(partial)header] POST https://cloudresourcemanager.googleapis.com/v1/projects/ajrdigitalhubin:testIamPermissions  x-goog-user-project=ajrdigitalhubin
[debug] [2026-07-05T14:39:23.507Z] >>> [apiv2][body] POST https://cloudresourcemanager.googleapis.com/v1/projects/ajrdigitalhubin:testIamPermissions {"permissions":["firebase.projects.get","firebaseextensions.instances.list"]}
[debug] [2026-07-05T14:39:25.073Z] <<< [apiv2][status] POST https://cloudresourcemanager.googleapis.com/v1/projects/ajrdigitalhubin:testIamPermissions 200
[debug] [2026-07-05T14:39:25.073Z] <<< [apiv2][body] POST https://cloudresourcemanager.googleapis.com/v1/projects/ajrdigitalhubin:testIamPermissions {"permissions":["firebase.projects.get","firebaseextensions.instances.list"]}
[debug] [2026-07-05T14:39:25.074Z] Checked if tokens are valid: true, expires at: 1783265943519
[debug] [2026-07-05T14:39:25.074Z] Checked if tokens are valid: true, expires at: 1783265943519
[debug] [2026-07-05T14:39:25.074Z] >>> [apiv2][query] GET https://firebaseextensions.googleapis.com/v1beta/projects/ajrdigitalhubin/instances pageSize=100&pageToken=
[debug] [2026-07-05T14:39:26.822Z] <<< [apiv2][status] GET https://firebaseextensions.googleapis.com/v1beta/projects/ajrdigitalhubin/instances 200
[debug] [2026-07-05T14:39:26.822Z] <<< [apiv2][body] GET https://firebaseextensions.googleapis.com/v1beta/projects/ajrdigitalhubin/instances {}
[debug] [2026-07-05T14:39:26.823Z] Failed to validate key PORT: Error: Key PORT is reserved for internal use.
[error] Error: Failed to load environment variables from .env.:
[error] - Error Key PORT is reserved for internal use.
[debug] [2026-07-05T14:41:16.628Z] ----------------------------------------------------------------------
[debug] [2026-07-05T14:41:16.630Z] Command:       C:\Program Files\nodejs\node.exe C:\Users\Admin\AppData\Roaming\npm\node_modules\firebase-tools\lib\bin\firebase.js deploy --only functions
[debug] [2026-07-05T14:41:16.631Z] CLI Version:   15.19.1
[debug] [2026-07-05T14:41:16.631Z] Platform:      win32
[debug] [2026-07-05T14:41:16.631Z] Node Version:  v22.22.3
[debug] [2026-07-05T14:41:16.631Z] Time:          Sun Jul 05 2026 20:11:16 GMT+0530 (India Standard Time)
[debug] [2026-07-05T14:41:16.631Z] ----------------------------------------------------------------------
[debug] 
[debug] [2026-07-05T14:41:18.833Z] > command requires scopes: ["email","openid","https://www.googleapis.com/auth/cloudplatformprojects.readonly","https://www.googleapis.com/auth/firebase","https://www.googleapis.com/auth/cloud-platform"]
[debug] [2026-07-05T14:41:18.833Z] > authorizing via signed-in user (ajrdigitalhub@gmail.com)
[debug] [2026-07-05T14:41:18.834Z] [iam] checking project ajrdigitalhubin for permissions ["cloudfunctions.functions.create","cloudfunctions.functions.delete","cloudfunctions.functions.get","cloudfunctions.functions.list","cloudfunctions.functions.update","cloudfunctions.operations.get","firebase.projects.get"]
[debug] [2026-07-05T14:41:18.835Z] Checked if tokens are valid: true, expires at: 1783265943519
[debug] [2026-07-05T14:41:18.836Z] Checked if tokens are valid: true, expires at: 1783265943519
[debug] [2026-07-05T14:41:18.837Z] >>> [apiv2][query] POST https://cloudresourcemanager.googleapis.com/v1/projects/ajrdigitalhubin:testIamPermissions [none]
[debug] [2026-07-05T14:41:18.837Z] >>> [apiv2][(partial)header] POST https://cloudresourcemanager.googleapis.com/v1/projects/ajrdigitalhubin:testIamPermissions  x-goog-user-project=ajrdigitalhubin
[debug] [2026-07-05T14:41:18.837Z] >>> [apiv2][body] POST https://cloudresourcemanager.googleapis.com/v1/projects/ajrdigitalhubin:testIamPermissions {"permissions":["cloudfunctions.functions.create","cloudfunctions.functions.delete","cloudfunctions.functions.get","cloudfunctions.functions.list","cloudfunctions.functions.update","cloudfunctions.operations.get","firebase.projects.get"]}
[debug] [2026-07-05T14:41:20.179Z] <<< [apiv2][status] POST https://cloudresourcemanager.googleapis.com/v1/projects/ajrdigitalhubin:testIamPermissions 200
[debug] [2026-07-05T14:41:20.179Z] <<< [apiv2][body] POST https://cloudresourcemanager.googleapis.com/v1/projects/ajrdigitalhubin:testIamPermissions {"permissions":["cloudfunctions.functions.create","cloudfunctions.functions.delete","cloudfunctions.functions.get","cloudfunctions.functions.list","cloudfunctions.functions.update","cloudfunctions.operations.get","firebase.projects.get"]}
[debug] [2026-07-05T14:41:20.179Z] Checked if tokens are valid: true, expires at: 1783265943519
[debug] [2026-07-05T14:41:20.179Z] Checked if tokens are valid: true, expires at: 1783265943519
[debug] [2026-07-05T14:41:20.179Z] >>> [apiv2][query] POST https://iam.googleapis.com/v1/projects/ajrdigitalhubin/serviceAccounts/ajrdigitalhubin@appspot.gserviceaccount.com:testIamPermissions [none]
[debug] [2026-07-05T14:41:20.179Z] >>> [apiv2][body] POST https://iam.googleapis.com/v1/projects/ajrdigitalhubin/serviceAccounts/ajrdigitalhubin@appspot.gserviceaccount.com:testIamPermissions {"permissions":["iam.serviceAccounts.actAs"]}
[debug] [2026-07-05T14:41:21.725Z] <<< [apiv2][status] POST https://iam.googleapis.com/v1/projects/ajrdigitalhubin/serviceAccounts/ajrdigitalhubin@appspot.gserviceaccount.com:testIamPermissions 404
[debug] [2026-07-05T14:41:21.725Z] <<< [apiv2][body] POST https://iam.googleapis.com/v1/projects/ajrdigitalhubin/serviceAccounts/ajrdigitalhubin@appspot.gserviceaccount.com:testIamPermissions {"error":{"code":404,"message":"Unknown service account","status":"NOT_FOUND"}}
[debug] [2026-07-05T14:41:21.726Z] [functions] service account IAM check errored, deploy may fail: Request to https://iam.googleapis.com/v1/projects/ajrdigitalhubin/serviceAccounts/ajrdigitalhubin@appspot.gserviceaccount.com:testIamPermissions had HTTP Error: 404, Unknown service account {"name":"FirebaseError","children":[],"context":{"body":{"error":{"code":404,"message":"Unknown service account","status":"NOT_FOUND"}},"response":{"statusCode":404}},"exit":1,"message":"Request to https://iam.googleapis.com/v1/projects/ajrdigitalhubin/serviceAccounts/ajrdigitalhubin@appspot.gserviceaccount.com:testIamPermissions had HTTP Error: 404, Unknown service account","status":404}
[info] 
[info] === Deploying to 'ajrdigitalhubin'...
[info] 
[info] i  deploying functions 
[debug] [2026-07-05T14:41:21.730Z] Checked if tokens are valid: true, expires at: 1783265943519
[debug] [2026-07-05T14:41:21.730Z] Checked if tokens are valid: true, expires at: 1783265943519
[debug] [2026-07-05T14:41:21.730Z] >>> [apiv2][query] GET https://cloudresourcemanager.googleapis.com/v1/projects/ajrdigitalhubin [none]
[debug] [2026-07-05T14:41:22.019Z] <<< [apiv2][status] GET https://cloudresourcemanager.googleapis.com/v1/projects/ajrdigitalhubin 200
[debug] [2026-07-05T14:41:22.019Z] <<< [apiv2][body] GET https://cloudresourcemanager.googleapis.com/v1/projects/ajrdigitalhubin {"projectNumber":"931861232347","projectId":"ajrdigitalhubin","lifecycleState":"ACTIVE","name":"AJRDIGITALHUB","labels":{"firebase":"enabled","firebase-core":"disabled"},"createTime":"2026-04-02T15:07:50.321Z"}
[info] i  functions: preparing codebase default for deployment 
[info] i  functions: ensuring required API cloudfunctions.googleapis.com is enabled... 
[info] i  functions: ensuring required API cloudbuild.googleapis.com is enabled... 
[info] i  artifactregistry: ensuring required API artifactregistry.googleapis.com is enabled... 
[debug] [2026-07-05T14:41:22.023Z] Checked if tokens are valid: true, expires at: 1783265943519
[debug] [2026-07-05T14:41:22.023Z] Checked if tokens are valid: true, expires at: 1783265943519
[debug] [2026-07-05T14:41:22.024Z] >>> [apiv2][query] GET https://firebase.googleapis.com/v1beta1/projects/ajrdigitalhubin/adminSdkConfig [none]
[debug] [2026-07-05T14:41:22.477Z] <<< [apiv2][status] GET https://firebase.googleapis.com/v1beta1/projects/ajrdigitalhubin/adminSdkConfig 200
[debug] [2026-07-05T14:41:22.477Z] <<< [apiv2][body] GET https://firebase.googleapis.com/v1beta1/projects/ajrdigitalhubin/adminSdkConfig {"projectId":"ajrdigitalhubin","storageBucket":"ajrdigitalhubin.firebasestorage.app"}
[debug] [2026-07-05T14:41:22.478Z] Validating nodejs source
[debug] [2026-07-05T14:41:23.613Z] > [functions] package.json contents: {
  "name": "functions",
  "description": "Cloud Functions for Firebase",
  "version": "1.0.0",
  "type": "commonjs",
  "scripts": {
    "prestart": "npm run build",
    "dev": "nodemon",
    "build": "npx esbuild src/app.ts --bundle --platform=node --target=node24 --format=cjs --outfile=dist/server.js --external:express --external:axios --external:firebase-admin --external:@prisma/client",
    "gcp-build": "",
    "lint": "eslint src/**/*.ts",
    "serve": "firebase emulators:start --only functions",
    "shell": "firebase functions:shell",
    "start": "npm run shell",
    "deploy": "firebase deploy --only functions",
    "logs": "firebase functions:log"
  },
  "engines": {
    "node": "24"
  },
  "main": "index.js",
  "dependencies": {
    "axios": "^1.18.0",
    "bcrypt": "^5.1.1",
    "cors": "^2.8.5",
    "dotenv": "^16.4.5",
    "express": "^4.19.2",
    "firebase-admin": "^12.1.1",
    "firebase-functions": "^7.0.0",
    "helmet": "^7.1.0",
    "jsonwebtoken": "^9.0.2",
    "morgan": "^1.10.0",
    "multer": "^1.4.5-lts.1",
    "pg": "^8.12.0",
    "puppeteer": "^25.1.0",
    "uuid": "^10.0.0",
    "busboy": "^1.6.0",
    "google-auth-library": "^9.15.0"
  },
  "devDependencies": {
    "@types/bcrypt": "^5.0.2",
    "@types/cors": "^2.8.17",
    "@types/express": "^4.17.21",
    "@types/jsonwebtoken": "^9.0.6",
    "@types/morgan": "^1.9.9",
    "@types/multer": "^1.4.11",
    "@types/node": "^20.14.2",
    "@types/pg": "^8.11.6",
    "@types/uuid": "^10.0.0",
    "firebase-functions-test": "^3.4.1",
    "nodemon": "^3.1.3",
    "ts-node": "^10.9.2",
    "typescript": "^5.4.5",
    "@types/busboy": "^1.5.4"
  }
}
[debug] [2026-07-05T14:41:23.613Z] Building nodejs source
[info] i  functions: Loading and analyzing source code for codebase default to determine what to deploy 
[debug] [2026-07-05T14:41:23.615Z] Could not find functions.yaml. Must use http discovery
[debug] [2026-07-05T14:41:23.627Z] Found firebase-functions binary at 'C:\Users\Admin\Documents\ajr_digitalHub\functions\node_modules\.bin\firebase-functions'
[info] Serving at port 8707

[error] ⚠️ Firebase credentials missing. Uploads and Firestore sync will not work.

[error] (node:25812) [DEP0040] DeprecationWarning: The `punycode` module is deprecated. Please use a userland alternative instead.
(Use `node --trace-deprecation ...` to show where the warning was created)

[debug] [2026-07-05T14:41:24.384Z] Got response from /__/functions.yaml {"endpoints":{"api":{"availableMemoryMb":null,"timeoutSeconds":null,"minInstances":null,"maxInstances":null,"ingressSettings":null,"concurrency":null,"serviceAccountEmail":null,"vpc":null,"platform":"gcfv2","labels":{},"httpsTrigger":{},"entryPoint":"api"},"monthlyBillingCron":{"availableMemoryMb":1024,"timeoutSeconds":300,"minInstances":null,"maxInstances":null,"ingressSettings":null,"concurrency":null,"serviceAccountEmail":null,"vpc":null,"platform":"gcfv2","labels":{},"scheduleTrigger":{"schedule":"0 0 * * *","retryConfig":{}},"entryPoint":"monthlyBillingCron"}},"specVersion":"v1alpha1","requiredAPIs":[{"api":"cloudscheduler.googleapis.com","reason":"Needed for scheduled functions."}],"extensions":{}}
[info] ✅ Dynamic Records table initialized.

[info] 🌱 Schema Migration: Added missing columns to whatsapp_config

[info] 🌱 Schema Migration: Created/updated documentation portal tables

[info] 🌱 Schema Migration: Created/updated billing, transactions, and audit tables

[info] 🌱 Schema Migration: Created/updated billing automation and customer profile tables

[info] 🌱 Schema Migration: Created Firebase Messaging tables

[info] 🌱 Schema Migration: Created Firebase Push Notification Monitoring & Billing tables

[info] ✅ Database verification and seeding complete.

[debug] [2026-07-05T14:41:34.414Z] Checked if tokens are valid: true, expires at: 1783265943519
[debug] [2026-07-05T14:41:34.414Z] Checked if tokens are valid: true, expires at: 1783265943519
[debug] [2026-07-05T14:41:34.414Z] >>> [apiv2][query] GET https://cloudfunctions.googleapis.com/v1/projects/ajrdigitalhubin/locations/-/functions [none]
[debug] [2026-07-05T14:41:35.160Z] <<< [apiv2][status] GET https://cloudfunctions.googleapis.com/v1/projects/ajrdigitalhubin/locations/-/functions 200
[debug] [2026-07-05T14:41:35.160Z] <<< [apiv2][body] GET https://cloudfunctions.googleapis.com/v1/projects/ajrdigitalhubin/locations/-/functions {}
[debug] [2026-07-05T14:41:35.160Z] Checked if tokens are valid: true, expires at: 1783265943519
[debug] [2026-07-05T14:41:35.160Z] Checked if tokens are valid: true, expires at: 1783265943519
[debug] [2026-07-05T14:41:35.161Z] >>> [apiv2][query] GET https://cloudfunctions.googleapis.com/v2/projects/ajrdigitalhubin/locations/-/functions filter=environment%3D%22GEN_2%22
[debug] [2026-07-05T14:41:36.788Z] <<< [apiv2][status] GET https://cloudfunctions.googleapis.com/v2/projects/ajrdigitalhubin/locations/-/functions 200
[debug] [2026-07-05T14:41:36.788Z] <<< [apiv2][body] GET https://cloudfunctions.googleapis.com/v2/projects/ajrdigitalhubin/locations/-/functions {"functions":[{"name":"projects/ajrdigitalhubin/locations/us-central1/functions/monthlyBillingCron","buildConfig":{"build":"projects/931861232347/locations/us-central1/builds/e3f696c3-43a1-4c61-8ab4-71d4dad47867","runtime":"nodejs24","entryPoint":"monthlyBillingCron","source":{"storageSource":{"bucket":"gcf-v2-sources-931861232347-us-central1","object":"monthlyBillingCron/function-source.zip","generation":"1783111531411678"}},"environmentVariables":{"GOOGLE_NODE_RUN_SCRIPTS":""},"dockerRepository":"projects/ajrdigitalhubin/locations/us-central1/repositories/gcf-artifacts","sourceProvenance":{"resolvedStorageSource":{"bucket":"gcf-v2-sources-931861232347-us-central1","object":"monthlyBillingCron/function-source.zip","generation":"1783111531411678"}},"dockerRegistry":"ARTIFACT_REGISTRY","serviceAccount":"projects/ajrdigitalhubin/serviceAccounts/931861232347-compute@developer.gserviceaccount.com","automaticUpdatePolicy":{}},"serviceConfig":{"service":"projects/ajrdigitalhubin/locations/us-central1/services/monthlybillingcron","timeoutSeconds":300,"environmentVariables":{"DB_BACKEND_PORT":"5000","JWT_SECRET":"super_secret_ajr_key_2026","CLIENT_URL":"http://localhost:3000","PG_USER":"postgres.okzjazgmjwdupfyvcpuv","PG_HOST":"aws-1-ap-southeast-1.pooler.supabase.com","PG_DATABASE":"postgres","PG_PASSWORD":"Arunjaya@1999","PG_PORT":"6543","PG_SSL":"true","APP_FIREBASE_SERVICE_ACCOUNT":"{\"type\": \"service_account\", \"project_id\": \"...\", ...}","APP_FIREBASE_STORAGE_BUCKET":"ajrdigitalhubb.appspot.com","FIREBASE_CONFIG":"{\"projectId\":\"ajrdigitalhubin\",\"storageBucket\":\"ajrdigitalhubin.firebasestorage.app\"}","GCLOUD_PROJECT":"ajrdigitalhubin","EVENTARC_CLOUD_EVENT_SOURCE":"projects/ajrdigitalhubin/locations/us-central1/services/monthlyBillingCron","FUNCTION_TARGET":"monthlyBillingCron","LOG_EXECUTION_ID":"true"},"ingressSettings":"ALLOW_ALL","uri":"https://monthlybillingcron-h53zfzhj2q-uc.a.run.app","serviceAccountEmail":"931861232347-compute@developer.gserviceaccount.com","availableMemory":"1024Mi","allTrafficOnLatestRevision":true,"revision":"monthlybillingcron-00001-yoc","maxInstanceRequestConcurrency":80,"availableCpu":"1"},"state":"ACTIVE","updateTime":"2026-07-03T20:46:33.548816578Z","labels":{"deployment-scheduled":"true","firebase-functions-hash":"5fcaad1fb1ef758805f7745229b9a55a6379c1d3","deployment-tool":"cli-firebase"},"environment":"GEN_2","url":"https://us-central1-ajrdigitalhubin.cloudfunctions.net/monthlyBillingCron","createTime":"2026-07-03T20:45:31.667350915Z","satisfiesPzi":true},{"name":"projects/ajrdigitalhubin/locations/us-central1/functions/api","buildConfig":{"build":"projects/931861232347/locations/us-central1/builds/1ba06218-8074-473e-bead-79c2952cc457","runtime":"nodejs24","entryPoint":"api","source":{"storageSource":{"bucket":"gcf-v2-sources-931861232347-us-central1","object":"api/function-source.zip","generation":"1783111532074026"}},"environmentVariables":{"GOOGLE_NODE_RUN_SCRIPTS":""},"dockerRepository":"projects/ajrdigitalhubin/locations/us-central1/repositories/gcf-artifacts","sourceProvenance":{"resolvedStorageSource":{"bucket":"gcf-v2-sources-931861232347-us-central1","object":"api/function-source.zip","generation":"1783111532074026"}},"dockerRegistry":"ARTIFACT_REGISTRY","serviceAccount":"projects/ajrdigitalhubin/serviceAccounts/931861232347-compute@developer.gserviceaccount.com","automaticUpdatePolicy":{}},"serviceConfig":{"service":"projects/ajrdigitalhubin/locations/us-central1/services/api","timeoutSeconds":60,"environmentVariables":{"DB_BACKEND_PORT":"5000","JWT_SECRET":"super_secret_ajr_key_2026","CLIENT_URL":"http://localhost:3000","PG_USER":"postgres.okzjazgmjwdupfyvcpuv","PG_HOST":"aws-1-ap-southeast-1.pooler.supabase.com","PG_DATABASE":"postgres","PG_PASSWORD":"Arunjaya@1999","PG_PORT":"6543","PG_SSL":"true","APP_FIREBASE_SERVICE_ACCOUNT":"{\"type\": \"service_account\", \"project_id\": \"...\", ...}","APP_FIREBASE_STORAGE_BUCKET":"ajrdigitalhubb.appspot.com","FIREBASE_CONFIG":"{\"projectId\":\"ajrdigitalhubin\",\"storageBucket\":\"ajrdigitalhubin.firebasestorage.app\"}","GCLOUD_PROJECT":"ajrdigitalhubin","EVENTARC_CLOUD_EVENT_SOURCE":"projects/ajrdigitalhubin/locations/us-central1/services/api","FUNCTION_TARGET":"api","LOG_EXECUTION_ID":"true"},"maxInstanceCount":20,"ingressSettings":"ALLOW_ALL","uri":"https://api-h53zfzhj2q-uc.a.run.app","serviceAccountEmail":"931861232347-compute@developer.gserviceaccount.com","availableMemory":"256Mi","allTrafficOnLatestRevision":true,"revision":"api-00015-qeh","maxInstanceRequestConcurrency":80,"availableCpu":"1"},"state":"ACTIVE","updateTime":"2026-07-03T20:46:28.921353849Z","labels":{"deployment-tool":"cli-firebase","firebase-functions-hash":"5fcaad1fb1ef758805f7745229b9a55a6379c1d3"},"environment":"GEN_2","url":"https://us-central1-ajrdigitalhubin.cloudfunctions.net/api","createTime":"2026-06-30T19:26:46.989359027Z","satisfiesPzi":true}]}
[info] i  extensions: ensuring required API firebaseextensions.googleapis.com is enabled... 
[debug] [2026-07-05T14:41:36.792Z] > command requires scopes: ["email","openid","https://www.googleapis.com/auth/cloudplatformprojects.readonly","https://www.googleapis.com/auth/firebase","https://www.googleapis.com/auth/cloud-platform"]
[debug] [2026-07-05T14:41:36.792Z] > authorizing via signed-in user (ajrdigitalhub@gmail.com)
[debug] [2026-07-05T14:41:36.792Z] [iam] checking project ajrdigitalhubin for permissions ["firebase.projects.get","firebaseextensions.instances.list"]
[debug] [2026-07-05T14:41:36.792Z] Checked if tokens are valid: true, expires at: 1783265943519
[debug] [2026-07-05T14:41:36.792Z] Checked if tokens are valid: true, expires at: 1783265943519
[debug] [2026-07-05T14:41:36.792Z] >>> [apiv2][query] POST https://cloudresourcemanager.googleapis.com/v1/projects/ajrdigitalhubin:testIamPermissions [none]
[debug] [2026-07-05T14:41:36.792Z] >>> [apiv2][(partial)header] POST https://cloudresourcemanager.googleapis.com/v1/projects/ajrdigitalhubin:testIamPermissions  x-goog-user-project=ajrdigitalhubin
[debug] [2026-07-05T14:41:36.793Z] >>> [apiv2][body] POST https://cloudresourcemanager.googleapis.com/v1/projects/ajrdigitalhubin:testIamPermissions {"permissions":["firebase.projects.get","firebaseextensions.instances.list"]}
[debug] [2026-07-05T14:41:38.405Z] <<< [apiv2][status] POST https://cloudresourcemanager.googleapis.com/v1/projects/ajrdigitalhubin:testIamPermissions 200
[debug] [2026-07-05T14:41:38.405Z] <<< [apiv2][body] POST https://cloudresourcemanager.googleapis.com/v1/projects/ajrdigitalhubin:testIamPermissions {"permissions":["firebase.projects.get","firebaseextensions.instances.list"]}
[debug] [2026-07-05T14:41:38.406Z] Checked if tokens are valid: true, expires at: 1783265943519
[debug] [2026-07-05T14:41:38.406Z] Checked if tokens are valid: true, expires at: 1783265943519
[debug] [2026-07-05T14:41:38.406Z] >>> [apiv2][query] GET https://firebaseextensions.googleapis.com/v1beta/projects/ajrdigitalhubin/instances pageSize=100&pageToken=
[debug] [2026-07-05T14:41:39.875Z] <<< [apiv2][status] GET https://firebaseextensions.googleapis.com/v1beta/projects/ajrdigitalhubin/instances 200
[debug] [2026-07-05T14:41:39.876Z] <<< [apiv2][body] GET https://firebaseextensions.googleapis.com/v1beta/projects/ajrdigitalhubin/instances {}
[debug] [2026-07-05T14:41:39.877Z] Failed to validate key PORT: Error: Key PORT is reserved for internal use.
[error] Error: Failed to load environment variables from .env.:
[error] - Error Key PORT is reserved for internal use.
